<?xml version="1.0" encoding="UTF-8"?>
<!-- Generated by org.testng.reporters.JUnitReportReporter -->
<testsuite skipped="0" hostname="WLI205ZB" name="tests.VerifyDownloaded" tests="1" failures="0" timestamp="29 Jun 2021 02:30:06 GMT" time="6.829" errors="0">
  <testcase name="verifydownloads" time="6.829" classname="tests.VerifyDownloaded"/>
</testsuite> <!-- tests.VerifyDownloaded -->
